<?xml version="1.0" encoding="UTF-8"?>
<coverage generated="1578807861151" clover="3.2.0">
  <project timestamp="1578807861151" name="All files">
    <metrics statements="87" coveredstatements="87" conditionals="28" coveredconditionals="28" methods="33" coveredmethods="33" elements="148" coveredelements="148" complexity="0" loc="87" ncloc="87" packages="5" files="14" classes="14"/>
    <package name="__setup__">
      <metrics statements="17" coveredstatements="17" conditionals="4" coveredconditionals="4" methods="4" coveredmethods="4"/>
      <file name="create-object.js" path="/Users/mohamedh/Documents/projects/github/quarry/__setup__/create-object.js">
        <metrics statements="17" coveredstatements="17" conditionals="4" coveredconditionals="4" methods="4" coveredmethods="4"/>
        <line num="2" count="22" type="cond" truecount="2" falsecount="0"/>
        <line num="3" count="22" type="stmt"/>
        <line num="4" count="22" type="stmt"/>
        <line num="6" count="22" type="stmt"/>
        <line num="7" count="121" type="stmt"/>
        <line num="18" count="22" type="cond" truecount="2" falsecount="0"/>
        <line num="22" count="363" type="stmt"/>
        <line num="23" count="363" type="stmt"/>
        <line num="24" count="363" type="stmt"/>
        <line num="25" count="363" type="stmt"/>
        <line num="27" count="363" type="stmt"/>
        <line num="28" count="3663" type="stmt"/>
        <line num="31" count="363" type="stmt"/>
        <line num="35" count="121" type="stmt"/>
        <line num="39" count="121" type="stmt"/>
        <line num="48" count="121" type="stmt"/>
        <line num="50" count="121" type="stmt"/>
      </file>
    </package>
    <package name="src.constants">
      <metrics statements="4" coveredstatements="4" conditionals="0" coveredconditionals="0" methods="0" coveredmethods="0"/>
      <file name="index.js" path="/Users/mohamedh/Documents/projects/github/quarry/src/constants/index.js">
        <metrics statements="4" coveredstatements="4" conditionals="0" coveredconditionals="0" methods="0" coveredmethods="0"/>
        <line num="1" count="6" type="stmt"/>
        <line num="2" count="6" type="stmt"/>
        <line num="3" count="6" type="stmt"/>
        <line num="4" count="6" type="stmt"/>
      </file>
    </package>
    <package name="src.mixins">
      <metrics statements="23" coveredstatements="23" conditionals="2" coveredconditionals="2" methods="13" coveredmethods="13"/>
      <file name="Aggregate.js" path="/Users/mohamedh/Documents/projects/github/quarry/src/mixins/Aggregate.js">
        <metrics statements="13" coveredstatements="13" conditionals="0" coveredconditionals="0" methods="9" coveredmethods="9"/>
        <line num="6" count="1" type="stmt"/>
        <line num="7" count="1" type="stmt"/>
        <line num="9" count="1" type="stmt"/>
        <line num="13" count="1" type="stmt"/>
        <line num="17" count="1" type="stmt"/>
        <line num="21" count="3" type="stmt"/>
        <line num="25" count="4" type="stmt"/>
        <line num="27" count="40" type="stmt"/>
        <line num="29" count="4" type="stmt"/>
        <line num="33" count="2" type="stmt"/>
        <line num="37" count="3" type="stmt"/>
        <line num="41" count="1" type="stmt"/>
        <line num="43" count="1" type="stmt"/>
      </file>
      <file name="and-where.js" path="/Users/mohamedh/Documents/projects/github/quarry/src/mixins/and-where.js">
        <metrics statements="2" coveredstatements="2" conditionals="0" coveredconditionals="0" methods="1" coveredmethods="1"/>
        <line num="5" count="2" type="stmt"/>
        <line num="7" count="2" type="stmt"/>
      </file>
      <file name="or-where.js" path="/Users/mohamedh/Documents/projects/github/quarry/src/mixins/or-where.js">
        <metrics statements="4" coveredstatements="4" conditionals="2" coveredconditionals="2" methods="1" coveredmethods="1"/>
        <line num="5" count="4" type="cond" truecount="2" falsecount="0"/>
        <line num="6" count="1" type="stmt"/>
        <line num="9" count="3" type="stmt"/>
        <line num="11" count="3" type="stmt"/>
      </file>
      <file name="select.js" path="/Users/mohamedh/Documents/projects/github/quarry/src/mixins/select.js">
        <metrics statements="2" coveredstatements="2" conditionals="0" coveredconditionals="0" methods="1" coveredmethods="1"/>
        <line num="4" count="1" type="stmt"/>
        <line num="6" count="1" type="stmt"/>
      </file>
      <file name="where.js" path="/Users/mohamedh/Documents/projects/github/quarry/src/mixins/where.js">
        <metrics statements="2" coveredstatements="2" conditionals="0" coveredconditionals="0" methods="1" coveredmethods="1"/>
        <line num="5" count="1" type="stmt"/>
        <line num="7" count="1" type="stmt"/>
      </file>
    </package>
    <package name="src.priv-data">
      <metrics statements="3" coveredstatements="3" conditionals="0" coveredconditionals="0" methods="0" coveredmethods="0"/>
      <file name="index.js" path="/Users/mohamedh/Documents/projects/github/quarry/src/priv-data/index.js">
        <metrics statements="3" coveredstatements="3" conditionals="0" coveredconditionals="0" methods="0" coveredmethods="0"/>
        <line num="1" count="6" type="stmt"/>
        <line num="2" count="6" type="stmt"/>
        <line num="3" count="6" type="stmt"/>
      </file>
    </package>
    <package name="src.util">
      <metrics statements="40" coveredstatements="40" conditionals="22" coveredconditionals="22" methods="16" coveredmethods="16"/>
      <file name="assertions.js" path="/Users/mohamedh/Documents/projects/github/quarry/src/util/assertions.js">
        <metrics statements="10" coveredstatements="10" conditionals="2" coveredconditionals="2" methods="8" coveredmethods="8"/>
        <line num="5" count="67" type="stmt"/>
        <line num="8" count="1" type="stmt"/>
        <line num="11" count="2" type="stmt"/>
        <line num="14" count="2" type="stmt"/>
        <line num="17" count="2" type="stmt"/>
        <line num="20" count="5" type="cond" truecount="2" falsecount="0"/>
        <line num="21" count="4" type="stmt"/>
        <line num="22" count="1" type="stmt"/>
        <line num="25" count="2" type="stmt"/>
        <line num="28" count="2" type="stmt"/>
      </file>
      <file name="filter.js" path="/Users/mohamedh/Documents/projects/github/quarry/src/util/filter.js">
        <metrics statements="7" coveredstatements="7" conditionals="5" coveredconditionals="5" methods="2" coveredmethods="2"/>
        <line num="10" count="9" type="cond" truecount="2" falsecount="0"/>
        <line num="11" count="1" type="stmt"/>
        <line num="14" count="8" type="stmt"/>
        <line num="16" count="8" type="stmt"/>
        <line num="17" count="66" type="cond" truecount="2" falsecount="0"/>
        <line num="18" count="5" type="stmt"/>
        <line num="22" count="8" type="stmt"/>
      </file>
      <file name="for-each.js" path="/Users/mohamedh/Documents/projects/github/quarry/src/util/for-each.js">
        <metrics statements="6" coveredstatements="6" conditionals="4" coveredconditionals="4" methods="1" coveredmethods="1"/>
        <line num="4" count="90" type="cond" truecount="2" falsecount="0"/>
        <line num="5" count="89" type="stmt"/>
        <line num="6" count="89" type="stmt"/>
        <line num="8" count="89" type="stmt"/>
        <line num="9" count="188" type="cond" truecount="2" falsecount="0"/>
        <line num="10" count="5" type="stmt"/>
      </file>
      <file name="pick.js" path="/Users/mohamedh/Documents/projects/github/quarry/src/util/pick.js">
        <metrics statements="8" coveredstatements="8" conditionals="5" coveredconditionals="5" methods="2" coveredmethods="2"/>
        <line num="7" count="8" type="cond" truecount="2" falsecount="0"/>
        <line num="8" count="6" type="stmt"/>
        <line num="11" count="2" type="stmt"/>
        <line num="14" count="2" type="stmt"/>
        <line num="15" count="4" type="stmt"/>
        <line num="17" count="4" type="cond" truecount="2" falsecount="0"/>
        <line num="18" count="3" type="stmt"/>
        <line num="22" count="2" type="stmt"/>
      </file>
      <file name="traverse.js" path="/Users/mohamedh/Documents/projects/github/quarry/src/util/traverse.js">
        <metrics statements="8" coveredstatements="8" conditionals="4" coveredconditionals="4" methods="2" coveredmethods="2"/>
        <line num="6" count="74" type="stmt"/>
        <line num="7" count="74" type="stmt"/>
        <line num="9" count="74" type="stmt"/>
        <line num="10" count="76" type="cond" truecount="2" falsecount="0"/>
        <line num="11" count="4" type="stmt"/>
        <line num="13" count="4" type="stmt"/>
        <line num="16" count="72" type="stmt"/>
        <line num="19" count="74" type="stmt"/>
      </file>
      <file name="typeof-object.js" path="/Users/mohamedh/Documents/projects/github/quarry/src/util/typeof-object.js">
        <metrics statements="1" coveredstatements="1" conditionals="2" coveredconditionals="2" methods="1" coveredmethods="1"/>
        <line num="2" count="97" type="cond" truecount="2" falsecount="0"/>
      </file>
    </package>
  </project>
</coverage>
