{"/Users/mohamedh/Documents/projects/github/quarry/__setup__/create-object.js": {"path":"/Users/mohamedh/Documents/projects/github/quarry/__setup__/create-object.js","statementMap":{"0":{"start":{"line":2,"column":16},"end":{"line":2,"column":33}},"1":{"start":{"line":3,"column":14},"end":{"line":3,"column":16}},"2":{"start":{"line":4,"column":10},"end":{"line":4,"column":11}},"3":{"start":{"line":6,"column":4},"end":{"line":16,"column":5}},"4":{"start":{"line":7,"column":6},"end":{"line":15,"column":9}},"5":{"start":{"line":18,"column":4},"end":{"line":18,"column":46}},"6":{"start":{"line":22,"column":16},"end":{"line":22,"column":80}},"7":{"start":{"line":23,"column":18},"end":{"line":23,"column":30}},"8":{"start":{"line":24,"column":10},"end":{"line":24,"column":54}},"9":{"start":{"line":25,"column":10},"end":{"line":25,"column":11}},"10":{"start":{"line":25,"column":22},"end":{"line":25,"column":24}},"11":{"start":{"line":27,"column":2},"end":{"line":29,"column":3}},"12":{"start":{"line":28,"column":4},"end":{"line":28,"column":71}},"13":{"start":{"line":31,"column":2},"end":{"line":31,"column":16}},"14":{"start":{"line":35,"column":2},"end":{"line":35,"column":54}},"15":{"start":{"line":39,"column":17},"end":{"line":47,"column":3}},"16":{"start":{"line":48,"column":10},"end":{"line":48,"column":65}},"17":{"start":{"line":50,"column":2},"end":{"line":50,"column":27}}},"fnMap":{"0":{"name":"(anonymous_0)","decl":{"start":{"line":1,"column":15},"end":{"line":1,"column":16}},"loc":{"start":{"line":1,"column":26},"end":{"line":19,"column":1}},"line":1},"1":{"name":"randomName","decl":{"start":{"line":21,"column":9},"end":{"line":21,"column":19}},"loc":{"start":{"line":21,"column":22},"end":{"line":32,"column":1}},"line":21},"2":{"name":"randomAge","decl":{"start":{"line":34,"column":9},"end":{"line":34,"column":18}},"loc":{"start":{"line":34,"column":21},"end":{"line":36,"column":1}},"line":34},"3":{"name":"randomSkills","decl":{"start":{"line":38,"column":9},"end":{"line":38,"column":21}},"loc":{"start":{"line":38,"column":24},"end":{"line":51,"column":1}},"line":38}},"branchMap":{"0":{"loc":{"start":{"line":2,"column":16},"end":{"line":2,"column":33}},"type":"binary-expr","locations":[{"start":{"line":2,"column":16},"end":{"line":2,"column":28}},{"start":{"line":2,"column":32},"end":{"line":2,"column":33}}],"line":2},"1":{"loc":{"start":{"line":18,"column":11},"end":{"line":18,"column":45}},"type":"cond-expr","locations":[{"start":{"line":18,"column":25},"end":{"line":18,"column":35}},{"start":{"line":18,"column":38},"end":{"line":18,"column":45}}],"line":18}},"s":{"0":22,"1":22,"2":22,"3":22,"4":121,"5":22,"6":363,"7":363,"8":363,"9":363,"10":363,"11":363,"12":3663,"13":363,"14":121,"15":121,"16":121,"17":121},"f":{"0":22,"1":363,"2":121,"3":121},"b":{"0":[22,11],"1":[11,11]},"_coverageSchema":"43e27e138ebf9cfc5966b082cf9a028302ed4184","hash":"a7ca16e2813150e64582630d05a4b38caaa58746"}
,"/Users/mohamedh/Documents/projects/github/quarry/src/constants/index.js": {"path":"/Users/mohamedh/Documents/projects/github/quarry/src/constants/index.js","statementMap":{"0":{"start":{"line":1,"column":31},"end":{"line":1,"column":51}},"1":{"start":{"line":2,"column":32},"end":{"line":2,"column":65}},"2":{"start":{"line":3,"column":33},"end":{"line":3,"column":56}},"3":{"start":{"line":4,"column":36},"end":{"line":4,"column":39}}},"fnMap":{},"branchMap":{},"s":{"0":6,"1":6,"2":6,"3":6},"f":{},"b":{},"_coverageSchema":"43e27e138ebf9cfc5966b082cf9a028302ed4184","hash":"d5604322c68c107333e342f076aca62d3d58040c"}
,"/Users/mohamedh/Documents/projects/github/quarry/src/mixins/Aggregate.js": {"path":"/Users/mohamedh/Documents/projects/github/quarry/src/mixins/Aggregate.js","statementMap":{"0":{"start":{"line":6,"column":18},"end":{"line":6,"column":33}},"1":{"start":{"line":7,"column":4},"end":{"line":7,"column":25}},"2":{"start":{"line":9,"column":4},"end":{"line":9,"column":17}},"3":{"start":{"line":13,"column":4},"end":{"line":13,"column":23}},"4":{"start":{"line":17,"column":4},"end":{"line":17,"column":48}},"5":{"start":{"line":21,"column":4},"end":{"line":21,"column":30}},"6":{"start":{"line":25,"column":14},"end":{"line":25,"column":15}},"7":{"start":{"line":27,"column":4},"end":{"line":27,"column":56}},"8":{"start":{"line":27,"column":36},"end":{"line":27,"column":54}},"9":{"start":{"line":29,"column":4},"end":{"line":29,"column":15}},"10":{"start":{"line":33,"column":4},"end":{"line":33,"column":42}},"11":{"start":{"line":37,"column":4},"end":{"line":37,"column":34}},"12":{"start":{"line":41,"column":4},"end":{"line":41,"column":36}},"13":{"start":{"line":43,"column":4},"end":{"line":43,"column":16}}},"fnMap":{"0":{"name":"(anonymous_0)","decl":{"start":{"line":5,"column":2},"end":{"line":5,"column":3}},"loc":{"start":{"line":5,"column":8},"end":{"line":10,"column":3}},"line":5},"1":{"name":"(anonymous_1)","decl":{"start":{"line":12,"column":2},"end":{"line":12,"column":3}},"loc":{"start":{"line":12,"column":10},"end":{"line":14,"column":3}},"line":12},"2":{"name":"(anonymous_2)","decl":{"start":{"line":16,"column":2},"end":{"line":16,"column":3}},"loc":{"start":{"line":16,"column":9},"end":{"line":18,"column":3}},"line":16},"3":{"name":"(anonymous_3)","decl":{"start":{"line":20,"column":2},"end":{"line":20,"column":3}},"loc":{"start":{"line":20,"column":9},"end":{"line":22,"column":3}},"line":20},"4":{"name":"(anonymous_4)","decl":{"start":{"line":24,"column":2},"end":{"line":24,"column":3}},"loc":{"start":{"line":24,"column":13},"end":{"line":30,"column":3}},"line":24},"5":{"name":"(anonymous_5)","decl":{"start":{"line":27,"column":29},"end":{"line":27,"column":30}},"loc":{"start":{"line":27,"column":36},"end":{"line":27,"column":54}},"line":27},"6":{"name":"(anonymous_6)","decl":{"start":{"line":32,"column":2},"end":{"line":32,"column":3}},"loc":{"start":{"line":32,"column":13},"end":{"line":34,"column":3}},"line":32},"7":{"name":"(anonymous_7)","decl":{"start":{"line":36,"column":2},"end":{"line":36,"column":3}},"loc":{"start":{"line":36,"column":10},"end":{"line":38,"column":3}},"line":36},"8":{"name":"(anonymous_8)","decl":{"start":{"line":40,"column":2},"end":{"line":40,"column":3}},"loc":{"start":{"line":40,"column":8},"end":{"line":44,"column":3}},"line":40}},"branchMap":{},"s":{"0":1,"1":1,"2":1,"3":1,"4":1,"5":3,"6":4,"7":4,"8":40,"9":4,"10":2,"11":3,"12":1,"13":1},"f":{"0":1,"1":1,"2":1,"3":3,"4":4,"5":40,"6":2,"7":3,"8":1},"b":{},"_coverageSchema":"43e27e138ebf9cfc5966b082cf9a028302ed4184","hash":"9279ac390fc402007f079229032033aaf2fbef1b"}
,"/Users/mohamedh/Documents/projects/github/quarry/src/mixins/and-where.js": {"path":"/Users/mohamedh/Documents/projects/github/quarry/src/mixins/and-where.js","statementMap":{"0":{"start":{"line":5,"column":2},"end":{"line":5,"column":74}},"1":{"start":{"line":7,"column":2},"end":{"line":7,"column":14}}},"fnMap":{"0":{"name":"(anonymous_0)","decl":{"start":{"line":4,"column":15},"end":{"line":4,"column":16}},"loc":{"start":{"line":4,"column":54},"end":{"line":8,"column":1}},"line":4}},"branchMap":{},"s":{"0":2,"1":2},"f":{"0":2},"b":{},"_coverageSchema":"43e27e138ebf9cfc5966b082cf9a028302ed4184","hash":"1f791e4cefaa6d100fbd190bc70c66c5006feb71"}
,"/Users/mohamedh/Documents/projects/github/quarry/src/mixins/or-where.js": {"path":"/Users/mohamedh/Documents/projects/github/quarry/src/mixins/or-where.js","statementMap":{"0":{"start":{"line":5,"column":2},"end":{"line":7,"column":3}},"1":{"start":{"line":6,"column":4},"end":{"line":6,"column":27}},"2":{"start":{"line":9,"column":2},"end":{"line":9,"column":72}},"3":{"start":{"line":11,"column":2},"end":{"line":11,"column":14}}},"fnMap":{"0":{"name":"(anonymous_0)","decl":{"start":{"line":4,"column":15},"end":{"line":4,"column":16}},"loc":{"start":{"line":4,"column":54},"end":{"line":12,"column":1}},"line":4}},"branchMap":{"0":{"loc":{"start":{"line":5,"column":2},"end":{"line":7,"column":3}},"type":"if","locations":[{"start":{"line":5,"column":2},"end":{"line":7,"column":3}},{"start":{"line":5,"column":2},"end":{"line":7,"column":3}}],"line":5}},"s":{"0":4,"1":1,"2":3,"3":3},"f":{"0":4},"b":{"0":[1,3]},"_coverageSchema":"43e27e138ebf9cfc5966b082cf9a028302ed4184","hash":"562434507163bcb760d20f2dcdb8080addb402ea"}
,"/Users/mohamedh/Documents/projects/github/quarry/src/mixins/select.js": {"path":"/Users/mohamedh/Documents/projects/github/quarry/src/mixins/select.js","statementMap":{"0":{"start":{"line":4,"column":2},"end":{"line":4,"column":44}},"1":{"start":{"line":6,"column":2},"end":{"line":6,"column":14}}},"fnMap":{"0":{"name":"(anonymous_0)","decl":{"start":{"line":3,"column":15},"end":{"line":3,"column":16}},"loc":{"start":{"line":3,"column":26},"end":{"line":7,"column":1}},"line":3}},"branchMap":{},"s":{"0":1,"1":1},"f":{"0":1},"b":{},"_coverageSchema":"43e27e138ebf9cfc5966b082cf9a028302ed4184","hash":"3ae6814d44ebf65594253a3060894b5ca4a7b511"}
,"/Users/mohamedh/Documents/projects/github/quarry/src/mixins/where.js": {"path":"/Users/mohamedh/Documents/projects/github/quarry/src/mixins/where.js","statementMap":{"0":{"start":{"line":5,"column":2},"end":{"line":5,"column":72}},"1":{"start":{"line":7,"column":2},"end":{"line":7,"column":14}}},"fnMap":{"0":{"name":"(anonymous_0)","decl":{"start":{"line":4,"column":15},"end":{"line":4,"column":16}},"loc":{"start":{"line":4,"column":54},"end":{"line":8,"column":1}},"line":4}},"branchMap":{},"s":{"0":1,"1":1},"f":{"0":1},"b":{},"_coverageSchema":"43e27e138ebf9cfc5966b082cf9a028302ed4184","hash":"f83007532ed06e4030192a55b06a79bc955a5892"}
,"/Users/mohamedh/Documents/projects/github/quarry/src/priv-data/index.js": {"path":"/Users/mohamedh/Documents/projects/github/quarry/src/priv-data/index.js","statementMap":{"0":{"start":{"line":1,"column":18},"end":{"line":1,"column":37}},"1":{"start":{"line":2,"column":0},"end":{"line":2,"column":21}},"2":{"start":{"line":3,"column":0},"end":{"line":3,"column":30}}},"fnMap":{},"branchMap":{},"s":{"0":6,"1":6,"2":6},"f":{},"b":{},"_coverageSchema":"43e27e138ebf9cfc5966b082cf9a028302ed4184","hash":"0ceffa5dc5df9589957bc7821d30d0eeaee6d989"}
,"/Users/mohamedh/Documents/projects/github/quarry/src/util/assertions.js": {"path":"/Users/mohamedh/Documents/projects/github/quarry/src/util/assertions.js","statementMap":{"0":{"start":{"line":5,"column":4},"end":{"line":5,"column":21}},"1":{"start":{"line":8,"column":4},"end":{"line":8,"column":19}},"2":{"start":{"line":11,"column":4},"end":{"line":11,"column":19}},"3":{"start":{"line":14,"column":4},"end":{"line":14,"column":20}},"4":{"start":{"line":17,"column":4},"end":{"line":17,"column":20}},"5":{"start":{"line":20,"column":4},"end":{"line":21,"column":29}},"6":{"start":{"line":21,"column":6},"end":{"line":21,"column":29}},"7":{"start":{"line":22,"column":4},"end":{"line":22,"column":17}},"8":{"start":{"line":25,"column":4},"end":{"line":25,"column":34}},"9":{"start":{"line":28,"column":4},"end":{"line":28,"column":40}}},"fnMap":{"0":{"name":"(anonymous_0)","decl":{"start":{"line":4,"column":2},"end":{"line":4,"column":3}},"loc":{"start":{"line":4,"column":17},"end":{"line":6,"column":3}},"line":4},"1":{"name":"(anonymous_1)","decl":{"start":{"line":7,"column":2},"end":{"line":7,"column":3}},"loc":{"start":{"line":7,"column":19},"end":{"line":9,"column":3}},"line":7},"2":{"name":"(anonymous_2)","decl":{"start":{"line":10,"column":2},"end":{"line":10,"column":3}},"loc":{"start":{"line":10,"column":22},"end":{"line":12,"column":3}},"line":10},"3":{"name":"(anonymous_3)","decl":{"start":{"line":13,"column":2},"end":{"line":13,"column":3}},"loc":{"start":{"line":13,"column":28},"end":{"line":15,"column":3}},"line":13},"4":{"name":"(anonymous_4)","decl":{"start":{"line":16,"column":2},"end":{"line":16,"column":3}},"loc":{"start":{"line":16,"column":31},"end":{"line":18,"column":3}},"line":16},"5":{"name":"(anonymous_5)","decl":{"start":{"line":19,"column":2},"end":{"line":19,"column":3}},"loc":{"start":{"line":19,"column":19},"end":{"line":23,"column":3}},"line":19},"6":{"name":"(anonymous_6)","decl":{"start":{"line":24,"column":2},"end":{"line":24,"column":3}},"loc":{"start":{"line":24,"column":19},"end":{"line":26,"column":3}},"line":24},"7":{"name":"(anonymous_7)","decl":{"start":{"line":27,"column":2},"end":{"line":27,"column":3}},"loc":{"start":{"line":27,"column":15},"end":{"line":29,"column":3}},"line":27}},"branchMap":{"0":{"loc":{"start":{"line":20,"column":4},"end":{"line":21,"column":29}},"type":"if","locations":[{"start":{"line":20,"column":4},"end":{"line":21,"column":29}},{"start":{"line":20,"column":4},"end":{"line":21,"column":29}}],"line":20}},"s":{"0":67,"1":1,"2":2,"3":2,"4":2,"5":5,"6":4,"7":1,"8":2,"9":2},"f":{"0":67,"1":1,"2":2,"3":2,"4":2,"5":5,"6":2,"7":2},"b":{"0":[4,1]},"_coverageSchema":"43e27e138ebf9cfc5966b082cf9a028302ed4184","hash":"6fa8de566c015f45660bcc2281674392ab9c17b0"}
,"/Users/mohamedh/Documents/projects/github/quarry/src/util/filter.js": {"path":"/Users/mohamedh/Documents/projects/github/quarry/src/util/filter.js","statementMap":{"0":{"start":{"line":10,"column":2},"end":{"line":12,"column":3}},"1":{"start":{"line":11,"column":4},"end":{"line":11,"column":35}},"2":{"start":{"line":14,"column":18},"end":{"line":14,"column":20}},"3":{"start":{"line":16,"column":2},"end":{"line":20,"column":5}},"4":{"start":{"line":17,"column":4},"end":{"line":19,"column":5}},"5":{"start":{"line":18,"column":6},"end":{"line":18,"column":42}},"6":{"start":{"line":22,"column":2},"end":{"line":22,"column":17}}},"fnMap":{"0":{"name":"(anonymous_0)","decl":{"start":{"line":9,"column":15},"end":{"line":9,"column":16}},"loc":{"start":{"line":9,"column":91},"end":{"line":23,"column":1}},"line":9},"1":{"name":"(anonymous_1)","decl":{"start":{"line":16,"column":15},"end":{"line":16,"column":16}},"loc":{"start":{"line":16,"column":22},"end":{"line":20,"column":3}},"line":16}},"branchMap":{"0":{"loc":{"start":{"line":9,"column":52},"end":{"line":9,"column":89}},"type":"default-arg","locations":[{"start":{"line":9,"column":65},"end":{"line":9,"column":89}}],"line":9},"1":{"loc":{"start":{"line":10,"column":2},"end":{"line":12,"column":3}},"type":"if","locations":[{"start":{"line":10,"column":2},"end":{"line":12,"column":3}},{"start":{"line":10,"column":2},"end":{"line":12,"column":3}}],"line":10},"2":{"loc":{"start":{"line":17,"column":4},"end":{"line":19,"column":5}},"type":"if","locations":[{"start":{"line":17,"column":4},"end":{"line":19,"column":5}},{"start":{"line":17,"column":4},"end":{"line":19,"column":5}}],"line":17}},"s":{"0":9,"1":1,"2":8,"3":8,"4":66,"5":5,"6":8},"f":{"0":9,"1":66},"b":{"0":[9],"1":[1,8],"2":[5,61]},"_coverageSchema":"43e27e138ebf9cfc5966b082cf9a028302ed4184","hash":"048ac0503be1e9531ad16b938ce2a889f8996d16"}
,"/Users/mohamedh/Documents/projects/github/quarry/src/util/for-each.js": {"path":"/Users/mohamedh/Documents/projects/github/quarry/src/util/for-each.js","statementMap":{"0":{"start":{"line":4,"column":2},"end":{"line":13,"column":3}},"1":{"start":{"line":5,"column":16},"end":{"line":5,"column":30}},"2":{"start":{"line":6,"column":12},"end":{"line":6,"column":13}},"3":{"start":{"line":8,"column":4},"end":{"line":12,"column":5}},"4":{"start":{"line":9,"column":6},"end":{"line":11,"column":7}},"5":{"start":{"line":10,"column":8},"end":{"line":10,"column":14}}},"fnMap":{"0":{"name":"(anonymous_0)","decl":{"start":{"line":3,"column":15},"end":{"line":3,"column":16}},"loc":{"start":{"line":3,"column":43},"end":{"line":14,"column":1}},"line":3}},"branchMap":{"0":{"loc":{"start":{"line":4,"column":2},"end":{"line":13,"column":3}},"type":"if","locations":[{"start":{"line":4,"column":2},"end":{"line":13,"column":3}},{"start":{"line":4,"column":2},"end":{"line":13,"column":3}}],"line":4},"1":{"loc":{"start":{"line":9,"column":6},"end":{"line":11,"column":7}},"type":"if","locations":[{"start":{"line":9,"column":6},"end":{"line":11,"column":7}},{"start":{"line":9,"column":6},"end":{"line":11,"column":7}}],"line":9}},"s":{"0":90,"1":89,"2":89,"3":89,"4":188,"5":5},"f":{"0":90},"b":{"0":[89,1],"1":[5,183]},"_coverageSchema":"43e27e138ebf9cfc5966b082cf9a028302ed4184","hash":"27f901d9cd0ffb4f64e74205fbfbeac8ee3a7af1"}
,"/Users/mohamedh/Documents/projects/github/quarry/src/util/pick.js": {"path":"/Users/mohamedh/Documents/projects/github/quarry/src/util/pick.js","statementMap":{"0":{"start":{"line":7,"column":2},"end":{"line":9,"column":3}},"1":{"start":{"line":8,"column":4},"end":{"line":8,"column":15}},"2":{"start":{"line":11,"column":32},"end":{"line":11,"column":34}},"3":{"start":{"line":14,"column":2},"end":{"line":20,"column":5}},"4":{"start":{"line":15,"column":4},"end":{"line":15,"column":31}},"5":{"start":{"line":17,"column":4},"end":{"line":19,"column":5}},"6":{"start":{"line":18,"column":6},"end":{"line":18,"column":75}},"7":{"start":{"line":22,"column":2},"end":{"line":22,"column":31}}},"fnMap":{"0":{"name":"(anonymous_0)","decl":{"start":{"line":6,"column":15},"end":{"line":6,"column":16}},"loc":{"start":{"line":6,"column":42},"end":{"line":23,"column":1}},"line":6},"1":{"name":"(anonymous_1)","decl":{"start":{"line":14,"column":18},"end":{"line":14,"column":19}},"loc":{"start":{"line":14,"column":27},"end":{"line":20,"column":3}},"line":14}},"branchMap":{"0":{"loc":{"start":{"line":6,"column":29},"end":{"line":6,"column":40}},"type":"default-arg","locations":[{"start":{"line":6,"column":38},"end":{"line":6,"column":40}}],"line":6},"1":{"loc":{"start":{"line":7,"column":2},"end":{"line":9,"column":3}},"type":"if","locations":[{"start":{"line":7,"column":2},"end":{"line":9,"column":3}},{"start":{"line":7,"column":2},"end":{"line":9,"column":3}}],"line":7},"2":{"loc":{"start":{"line":17,"column":4},"end":{"line":19,"column":5}},"type":"if","locations":[{"start":{"line":17,"column":4},"end":{"line":19,"column":5}},{"start":{"line":17,"column":4},"end":{"line":19,"column":5}}],"line":17}},"s":{"0":8,"1":6,"2":2,"3":2,"4":4,"5":4,"6":3,"7":2},"f":{"0":8,"1":4},"b":{"0":[1],"1":[6,2],"2":[3,1]},"_coverageSchema":"43e27e138ebf9cfc5966b082cf9a028302ed4184","hash":"3f77308baf848286bf845f1dc53a3090b54dda35"}
,"/Users/mohamedh/Documents/projects/github/quarry/src/util/traverse.js": {"path":"/Users/mohamedh/Documents/projects/github/quarry/src/util/traverse.js","statementMap":{"0":{"start":{"line":6,"column":16},"end":{"line":6,"column":48}},"1":{"start":{"line":7,"column":13},"end":{"line":7,"column":16}},"2":{"start":{"line":9,"column":2},"end":{"line":17,"column":5}},"3":{"start":{"line":10,"column":4},"end":{"line":14,"column":5}},"4":{"start":{"line":11,"column":6},"end":{"line":11,"column":23}},"5":{"start":{"line":13,"column":6},"end":{"line":13,"column":19}},"6":{"start":{"line":16,"column":4},"end":{"line":16,"column":22}},"7":{"start":{"line":19,"column":2},"end":{"line":19,"column":14}}},"fnMap":{"0":{"name":"(anonymous_0)","decl":{"start":{"line":5,"column":15},"end":{"line":5,"column":16}},"loc":{"start":{"line":5,"column":45},"end":{"line":20,"column":1}},"line":5},"1":{"name":"(anonymous_1)","decl":{"start":{"line":9,"column":17},"end":{"line":9,"column":18}},"loc":{"start":{"line":9,"column":25},"end":{"line":17,"column":3}},"line":9}},"branchMap":{"0":{"loc":{"start":{"line":5,"column":24},"end":{"line":5,"column":32}},"type":"default-arg","locations":[{"start":{"line":5,"column":30},"end":{"line":5,"column":32}}],"line":5},"1":{"loc":{"start":{"line":5,"column":34},"end":{"line":5,"column":43}},"type":"default-arg","locations":[{"start":{"line":5,"column":41},"end":{"line":5,"column":43}}],"line":5},"2":{"loc":{"start":{"line":10,"column":4},"end":{"line":14,"column":5}},"type":"if","locations":[{"start":{"line":10,"column":4},"end":{"line":14,"column":5}},{"start":{"line":10,"column":4},"end":{"line":14,"column":5}}],"line":10}},"s":{"0":74,"1":74,"2":74,"3":76,"4":4,"5":4,"6":72,"7":74},"f":{"0":74,"1":76},"b":{"0":[1],"1":[1],"2":[4,72]},"_coverageSchema":"43e27e138ebf9cfc5966b082cf9a028302ed4184","hash":"f3ccfd02f460fd65eb8f9be08a6efb82bfc56e12"}
,"/Users/mohamedh/Documents/projects/github/quarry/src/util/typeof-object.js": {"path":"/Users/mohamedh/Documents/projects/github/quarry/src/util/typeof-object.js","statementMap":{"0":{"start":{"line":2,"column":2},"end":{"line":2,"column":74}}},"fnMap":{"0":{"name":"(anonymous_0)","decl":{"start":{"line":1,"column":15},"end":{"line":1,"column":16}},"loc":{"start":{"line":1,"column":32},"end":{"line":3,"column":1}},"line":1}},"branchMap":{"0":{"loc":{"start":{"line":2,"column":9},"end":{"line":2,"column":73}},"type":"cond-expr","locations":[{"start":{"line":2,"column":38},"end":{"line":2,"column":61}},{"start":{"line":2,"column":64},"end":{"line":2,"column":73}}],"line":2}},"s":{"0":97},"f":{"0":97},"b":{"0":[95,2]},"_coverageSchema":"43e27e138ebf9cfc5966b082cf9a028302ed4184","hash":"321323fbf5218dcb74d6ca7918185a44f2617f7d"}
}
