TN:
SF:/Users/mohamedh/Documents/projects/github/quarry/__setup__/create-object.js
FN:1,(anonymous_0)
FN:21,randomName
FN:34,randomAge
FN:38,randomSkills
FNF:4
FNH:4
FNDA:22,(anonymous_0)
FNDA:363,randomName
FNDA:121,randomAge
FNDA:121,randomSkills
DA:2,22
DA:3,22
DA:4,22
DA:6,22
DA:7,121
DA:18,22
DA:22,363
DA:23,363
DA:24,363
DA:25,363
DA:27,363
DA:28,3663
DA:31,363
DA:35,121
DA:39,121
DA:48,121
DA:50,121
LF:17
LH:17
BRDA:2,0,0,22
BRDA:2,0,1,11
BRDA:18,1,0,11
BRDA:18,1,1,11
BRF:4
BRH:4
end_of_record
TN:
SF:/Users/mohamedh/Documents/projects/github/quarry/src/constants/index.js
FNF:0
FNH:0
DA:1,6
DA:2,6
DA:3,6
DA:4,6
LF:4
LH:4
BRF:0
BRH:0
end_of_record
TN:
SF:/Users/mohamedh/Documents/projects/github/quarry/src/mixins/Aggregate.js
FN:5,(anonymous_0)
FN:12,(anonymous_1)
FN:16,(anonymous_2)
FN:20,(anonymous_3)
FN:24,(anonymous_4)
FN:27,(anonymous_5)
FN:32,(anonymous_6)
FN:36,(anonymous_7)
FN:40,(anonymous_8)
FNF:9
FNH:9
FNDA:1,(anonymous_0)
FNDA:1,(anonymous_1)
FNDA:1,(anonymous_2)
FNDA:3,(anonymous_3)
FNDA:4,(anonymous_4)
FNDA:40,(anonymous_5)
FNDA:2,(anonymous_6)
FNDA:3,(anonymous_7)
FNDA:1,(anonymous_8)
DA:6,1
DA:7,1
DA:9,1
DA:13,1
DA:17,1
DA:21,3
DA:25,4
DA:27,40
DA:29,4
DA:33,2
DA:37,3
DA:41,1
DA:43,1
LF:13
LH:13
BRF:0
BRH:0
end_of_record
TN:
SF:/Users/mohamedh/Documents/projects/github/quarry/src/mixins/and-where.js
FN:4,(anonymous_0)
FNF:1
FNH:1
FNDA:2,(anonymous_0)
DA:5,2
DA:7,2
LF:2
LH:2
BRF:0
BRH:0
end_of_record
TN:
SF:/Users/mohamedh/Documents/projects/github/quarry/src/mixins/or-where.js
FN:4,(anonymous_0)
FNF:1
FNH:1
FNDA:4,(anonymous_0)
DA:5,4
DA:6,1
DA:9,3
DA:11,3
LF:4
LH:4
BRDA:5,0,0,1
BRDA:5,0,1,3
BRF:2
BRH:2
end_of_record
TN:
SF:/Users/mohamedh/Documents/projects/github/quarry/src/mixins/select.js
FN:3,(anonymous_0)
FNF:1
FNH:1
FNDA:1,(anonymous_0)
DA:4,1
DA:6,1
LF:2
LH:2
BRF:0
BRH:0
end_of_record
TN:
SF:/Users/mohamedh/Documents/projects/github/quarry/src/mixins/where.js
FN:4,(anonymous_0)
FNF:1
FNH:1
FNDA:1,(anonymous_0)
DA:5,1
DA:7,1
LF:2
LH:2
BRF:0
BRH:0
end_of_record
TN:
SF:/Users/mohamedh/Documents/projects/github/quarry/src/priv-data/index.js
FNF:0
FNH:0
DA:1,6
DA:2,6
DA:3,6
LF:3
LH:3
BRF:0
BRH:0
end_of_record
TN:
SF:/Users/mohamedh/Documents/projects/github/quarry/src/util/assertions.js
FN:4,(anonymous_0)
FN:7,(anonymous_1)
FN:10,(anonymous_2)
FN:13,(anonymous_3)
FN:16,(anonymous_4)
FN:19,(anonymous_5)
FN:24,(anonymous_6)
FN:27,(anonymous_7)
FNF:8
FNH:8
FNDA:67,(anonymous_0)
FNDA:1,(anonymous_1)
FNDA:2,(anonymous_2)
FNDA:2,(anonymous_3)
FNDA:2,(anonymous_4)
FNDA:5,(anonymous_5)
FNDA:2,(anonymous_6)
FNDA:2,(anonymous_7)
DA:5,67
DA:8,1
DA:11,2
DA:14,2
DA:17,2
DA:20,5
DA:21,4
DA:22,1
DA:25,2
DA:28,2
LF:10
LH:10
BRDA:20,0,0,4
BRDA:20,0,1,1
BRF:2
BRH:2
end_of_record
TN:
SF:/Users/mohamedh/Documents/projects/github/quarry/src/util/filter.js
FN:9,(anonymous_0)
FN:16,(anonymous_1)
FNF:2
FNH:2
FNDA:9,(anonymous_0)
FNDA:66,(anonymous_1)
DA:10,9
DA:11,1
DA:14,8
DA:16,8
DA:17,66
DA:18,5
DA:22,8
LF:7
LH:7
BRDA:9,0,0,9
BRDA:10,1,0,1
BRDA:10,1,1,8
BRDA:17,2,0,5
BRDA:17,2,1,61
BRF:5
BRH:5
end_of_record
TN:
SF:/Users/mohamedh/Documents/projects/github/quarry/src/util/for-each.js
FN:3,(anonymous_0)
FNF:1
FNH:1
FNDA:90,(anonymous_0)
DA:4,90
DA:5,89
DA:6,89
DA:8,89
DA:9,188
DA:10,5
LF:6
LH:6
BRDA:4,0,0,89
BRDA:4,0,1,1
BRDA:9,1,0,5
BRDA:9,1,1,183
BRF:4
BRH:4
end_of_record
TN:
SF:/Users/mohamedh/Documents/projects/github/quarry/src/util/pick.js
FN:6,(anonymous_0)
FN:14,(anonymous_1)
FNF:2
FNH:2
FNDA:8,(anonymous_0)
FNDA:4,(anonymous_1)
DA:7,8
DA:8,6
DA:11,2
DA:14,2
DA:15,4
DA:17,4
DA:18,3
DA:22,2
LF:8
LH:8
BRDA:6,0,0,1
BRDA:7,1,0,6
BRDA:7,1,1,2
BRDA:17,2,0,3
BRDA:17,2,1,1
BRF:5
BRH:5
end_of_record
TN:
SF:/Users/mohamedh/Documents/projects/github/quarry/src/util/traverse.js
FN:5,(anonymous_0)
FN:9,(anonymous_1)
FNF:2
FNH:2
FNDA:74,(anonymous_0)
FNDA:76,(anonymous_1)
DA:6,74
DA:7,74
DA:9,74
DA:10,76
DA:11,4
DA:13,4
DA:16,72
DA:19,74
LF:8
LH:8
BRDA:5,0,0,1
BRDA:5,1,0,1
BRDA:10,2,0,4
BRDA:10,2,1,72
BRF:4
BRH:4
end_of_record
TN:
SF:/Users/mohamedh/Documents/projects/github/quarry/src/util/typeof-object.js
FN:1,(anonymous_0)
FNF:1
FNH:1
FNDA:97,(anonymous_0)
DA:2,97
LF:1
LH:1
BRDA:2,0,0,95
BRDA:2,0,1,2
BRF:2
BRH:2
end_of_record
